<?xml version="1.0" encoding="UTF-8"?>
<testng-results skipped="0" failed="0" ignored="0" total="6" passed="6">
  <reporter-output>
  </reporter-output>
  <suite name="Command line suite" duration-ms="54" started-at="2021-09-22T02:56:35 PDT" finished-at="2021-09-22T02:56:35 PDT">
    <groups>
      <group name="regression">
        <method signature="ContactTest.createContatc1Test()[pri:0, instance:com.comcast.contacttest.ContactTest@589838eb]" name="createContatc1Test" class="com.comcast.contacttest.ContactTest"/>
        <method signature="ContactTest.createContatc2Test()[pri:0, instance:com.comcast.contacttest.ContactTest@589838eb]" name="createContatc2Test" class="com.comcast.contacttest.ContactTest"/>
        <method signature="OrgTest.createOrg3Test()[pri:0, instance:com.comcast.orgtest.OrgTest@e45f292]" name="createOrg3Test" class="com.comcast.orgtest.OrgTest"/>
      </group> <!-- regression -->
      <group name="smoke">
        <method signature="ContactTest.createContatc3Test()[pri:0, instance:com.comcast.contacttest.ContactTest@589838eb]" name="createContatc3Test" class="com.comcast.contacttest.ContactTest"/>
        <method signature="OrgTest.createOrg1Test()[pri:0, instance:com.comcast.orgtest.OrgTest@e45f292]" name="createOrg1Test" class="com.comcast.orgtest.OrgTest"/>
        <method signature="OrgTest.createOrg2Test()[pri:0, instance:com.comcast.orgtest.OrgTest@e45f292]" name="createOrg2Test" class="com.comcast.orgtest.OrgTest"/>
      </group> <!-- smoke -->
    </groups>
    <test name="Command line test" duration-ms="54" started-at="2021-09-22T02:56:35 PDT" finished-at="2021-09-22T02:56:35 PDT">
      <class name="com.comcast.contacttest.ContactTest">
        <test-method status="PASS" signature="createContatc1Test()[pri:0, instance:com.comcast.contacttest.ContactTest@589838eb]" name="createContatc1Test" duration-ms="4" started-at="2021-09-22T02:56:35 PDT" finished-at="2021-09-22T02:56:35 PDT">
          <reporter-output>
          </reporter-output>
        </test-method> <!-- createContatc1Test -->
        <test-method status="PASS" signature="createContatc3Test()[pri:0, instance:com.comcast.contacttest.ContactTest@589838eb]" name="createContatc3Test" duration-ms="0" started-at="2021-09-22T02:56:35 PDT" finished-at="2021-09-22T02:56:35 PDT">
          <reporter-output>
          </reporter-output>
        </test-method> <!-- createContatc3Test -->
        <test-method status="PASS" signature="createContatc2Test()[pri:0, instance:com.comcast.contacttest.ContactTest@589838eb]" name="createContatc2Test" duration-ms="0" started-at="2021-09-22T02:56:35 PDT" finished-at="2021-09-22T02:56:35 PDT">
          <reporter-output>
          </reporter-output>
        </test-method> <!-- createContatc2Test -->
      </class> <!-- com.comcast.contacttest.ContactTest -->
      <class name="com.comcast.orgtest.OrgTest">
        <test-method status="PASS" signature="createOrg1Test()[pri:0, instance:com.comcast.orgtest.OrgTest@e45f292]" name="createOrg1Test" duration-ms="0" started-at="2021-09-22T02:56:35 PDT" finished-at="2021-09-22T02:56:35 PDT">
          <reporter-output>
          </reporter-output>
        </test-method> <!-- createOrg1Test -->
        <test-method status="PASS" signature="createOrg2Test()[pri:0, instance:com.comcast.orgtest.OrgTest@e45f292]" name="createOrg2Test" duration-ms="1" started-at="2021-09-22T02:56:35 PDT" finished-at="2021-09-22T02:56:35 PDT">
          <reporter-output>
          </reporter-output>
        </test-method> <!-- createOrg2Test -->
        <test-method status="PASS" signature="createOrg3Test()[pri:0, instance:com.comcast.orgtest.OrgTest@e45f292]" name="createOrg3Test" duration-ms="0" started-at="2021-09-22T02:56:35 PDT" finished-at="2021-09-22T02:56:35 PDT">
          <reporter-output>
          </reporter-output>
        </test-method> <!-- createOrg3Test -->
      </class> <!-- com.comcast.orgtest.OrgTest -->
    </test> <!-- Command line test -->
  </suite> <!-- Command line suite -->
</testng-results>
