<?xml version="1.0" encoding="UTF-8"?>
<!-- Generated by org.testng.reporters.JUnitXMLReporter -->
<testsuite hostname="DESKTOP-HUHARSU" ignored="0" name="Command line test" tests="3" failures="0" timestamp="2021-09-22T02:48:20 PDT" time="0.078" errors="0">
  <testcase name="createContatc1Test" time="0.005" classname="com.comcast.contacttest.ContactTest"/>
  <testcase name="createContatc2Test" time="0.001" classname="com.comcast.contacttest.ContactTest"/>
  <testcase name="createContatc3Test" time="0.0" classname="com.comcast.contacttest.ContactTest"/>
</testsuite> <!-- Command line test -->
